<?xml version="1.0" encoding="UTF-8"?>
<testsuite name="com.fastcampus.projectboard.FastCampusProjectBoardApplicationTests" tests="1" skipped="0" failures="0" errors="0" timestamp="2022-07-15T23:17:38" hostname="celee.local" time="0.162">
  <properties/>
  <testcase name="contextLoads()" classname="com.fastcampus.projectboard.FastCampusProjectBoardApplicationTests" time="0.162"/>
  <system-out><![CDATA[08:17:36.875 [Test worker] DEBUG org.springframework.test.context.BootstrapUtils - Instantiating CacheAwareContextLoaderDelegate from class [org.springframework.test.context.cache.DefaultCacheAwareContextLoaderDelegate]
08:17:36.879 [Test worker] DEBUG org.springframework.test.context.BootstrapUtils - Instantiating BootstrapContext using constructor [public org.springframework.test.context.support.DefaultBootstrapContext(java.lang.Class,org.springframework.test.context.CacheAwareContextLoaderDelegate)]
08:17:36.894 [Test worker] DEBUG org.springframework.test.context.BootstrapUtils - Instantiating TestContextBootstrapper for test class [com.fastcampus.projectboard.FastCampusProjectBoardApplicationTests] from class [org.springframework.boot.test.context.SpringBootTestContextBootstrapper]
08:17:36.898 [Test worker] INFO org.springframework.boot.test.context.SpringBootTestContextBootstrapper - Neither @ContextConfiguration nor @ContextHierarchy found for test class [com.fastcampus.projectboard.FastCampusProjectBoardApplicationTests], using SpringBootContextLoader
08:17:36.900 [Test worker] DEBUG org.springframework.test.context.support.AbstractContextLoader - Did not detect default resource location for test class [com.fastcampus.projectboard.FastCampusProjectBoardApplicationTests]: class path resource [com/fastcampus/projectboard/FastCampusProjectBoardApplicationTests-context.xml] does not exist
08:17:36.900 [Test worker] DEBUG org.springframework.test.context.support.AbstractContextLoader - Did not detect default resource location for test class [com.fastcampus.projectboard.FastCampusProjectBoardApplicationTests]: class path resource [com/fastcampus/projectboard/FastCampusProjectBoardApplicationTestsContext.groovy] does not exist
08:17:36.900 [Test worker] INFO org.springframework.test.context.support.AbstractContextLoader - Could not detect default resource locations for test class [com.fastcampus.projectboard.FastCampusProjectBoardApplicationTests]: no resource found for suffixes {-context.xml, Context.groovy}.
08:17:36.900 [Test worker] INFO org.springframework.test.context.support.AnnotationConfigContextLoaderUtils - Could not detect default configuration classes for test class [com.fastcampus.projectboard.FastCampusProjectBoardApplicationTests]: FastCampusProjectBoardApplicationTests does not declare any static, non-private, non-final, nested classes annotated with @Configuration.
08:17:36.915 [Test worker] DEBUG org.springframework.test.context.support.ActiveProfilesUtils - Could not find an 'annotation declaring class' for annotation type [org.springframework.test.context.ActiveProfiles] and class [com.fastcampus.projectboard.FastCampusProjectBoardApplicationTests]
08:17:36.936 [Test worker] DEBUG org.springframework.context.annotation.ClassPathScanningCandidateComponentProvider - Identified candidate component class: file [/Users/celee/Desktop/fastcampus/10.fastcampus-example/fastcampus-project-board/build/classes/java/main/com/fastcampus/projectboard/FastcampusProjectBoardApplication.class]
08:17:36.937 [Test worker] INFO org.springframework.boot.test.context.SpringBootTestContextBootstrapper - Found @SpringBootConfiguration com.fastcampus.projectboard.FastcampusProjectBoardApplication for test class com.fastcampus.projectboard.FastCampusProjectBoardApplicationTests
08:17:36.969 [Test worker] DEBUG org.springframework.boot.test.context.SpringBootTestContextBootstrapper - @TestExecutionListeners is not present for class [com.fastcampus.projectboard.FastCampusProjectBoardApplicationTests]: using defaults.
08:17:36.969 [Test worker] INFO org.springframework.boot.test.context.SpringBootTestContextBootstrapper - Loaded default TestExecutionListener class names from location [META-INF/spring.factories]: [org.springframework.boot.test.autoconfigure.restdocs.RestDocsTestExecutionListener, org.springframework.boot.test.autoconfigure.web.client.MockRestServiceServerResetTestExecutionListener, org.springframework.boot.test.autoconfigure.web.servlet.MockMvcPrintOnlyOnFailureTestExecutionListener, org.springframework.boot.test.autoconfigure.web.servlet.WebDriverTestExecutionListener, org.springframework.boot.test.autoconfigure.webservices.client.MockWebServiceServerTestExecutionListener, org.springframework.boot.test.mock.mockito.MockitoTestExecutionListener, org.springframework.boot.test.mock.mockito.ResetMocksTestExecutionListener, org.springframework.test.context.web.ServletTestExecutionListener, org.springframework.test.context.support.DirtiesContextBeforeModesTestExecutionListener, org.springframework.test.context.event.ApplicationEventsTestExecutionListener, org.springframework.test.context.support.DependencyInjectionTestExecutionListener, org.springframework.test.context.support.DirtiesContextTestExecutionListener, org.springframework.test.context.transaction.TransactionalTestExecutionListener, org.springframework.test.context.jdbc.SqlScriptsTestExecutionListener, org.springframework.test.context.event.EventPublishingTestExecutionListener]
08:17:36.973 [Test worker] DEBUG org.springframework.boot.test.context.SpringBootTestContextBootstrapper - Skipping candidate TestExecutionListener [org.springframework.test.context.transaction.TransactionalTestExecutionListener] due to a missing dependency. Specify custom listener classes or make the default listener classes and their required dependencies available. Offending class: [org/springframework/transaction/interceptor/TransactionAttributeSource]
08:17:36.973 [Test worker] DEBUG org.springframework.boot.test.context.SpringBootTestContextBootstrapper - Skipping candidate TestExecutionListener [org.springframework.test.context.jdbc.SqlScriptsTestExecutionListener] due to a missing dependency. Specify custom listener classes or make the default listener classes and their required dependencies available. Offending class: [org/springframework/transaction/interceptor/TransactionAttribute]
08:17:36.973 [Test worker] INFO org.springframework.boot.test.context.SpringBootTestContextBootstrapper - Using TestExecutionListeners: [org.springframework.test.context.web.ServletTestExecutionListener@19ae6bb, org.springframework.test.context.support.DirtiesContextBeforeModesTestExecutionListener@10993713, org.springframework.test.context.event.ApplicationEventsTestExecutionListener@58359ebd, org.springframework.boot.test.mock.mockito.MockitoTestExecutionListener@24b6b8f6, org.springframework.boot.test.autoconfigure.SpringBootDependencyInjectionTestExecutionListener@72cf2de5, org.springframework.test.context.support.DirtiesContextTestExecutionListener@2bb7bd00, org.springframework.test.context.event.EventPublishingTestExecutionListener@5f031ebd, org.springframework.boot.test.autoconfigure.restdocs.RestDocsTestExecutionListener@4ee37ca3, org.springframework.boot.test.autoconfigure.web.client.MockRestServiceServerResetTestExecutionListener@45c8d09f, org.springframework.boot.test.autoconfigure.web.servlet.MockMvcPrintOnlyOnFailureTestExecutionListener@53812a9b, org.springframework.boot.test.autoconfigure.web.servlet.WebDriverTestExecutionListener@14b030a0, org.springframework.boot.test.autoconfigure.webservices.client.MockWebServiceServerTestExecutionListener@41e350f1, org.springframework.boot.test.mock.mockito.ResetMocksTestExecutionListener@422c3c7a]
08:17:36.974 [Test worker] DEBUG org.springframework.test.context.support.AbstractDirtiesContextTestExecutionListener - Before test class: context [DefaultTestContext@5974109 testClass = FastCampusProjectBoardApplicationTests, testInstance = [null], testMethod = [null], testException = [null], mergedContextConfiguration = [WebMergedContextConfiguration@27305e6 testClass = FastCampusProjectBoardApplicationTests, locations = '{}', classes = '{class com.fastcampus.projectboard.FastcampusProjectBoardApplication}', contextInitializerClasses = '[]', activeProfiles = '{}', propertySourceLocations = '{}', propertySourceProperties = '{org.springframework.boot.test.context.SpringBootTestContextBootstrapper=true}', contextCustomizers = set[org.springframework.boot.test.autoconfigure.actuate.metrics.MetricsExportContextCustomizerFactory$DisableMetricExportContextCustomizer@8e50104, org.springframework.boot.test.autoconfigure.properties.PropertyMappingContextCustomizer@0, org.springframework.boot.test.autoconfigure.web.servlet.WebDriverContextCustomizerFactory$Customizer@71e9ebae, org.springframework.boot.test.context.filter.ExcludeFilterContextCustomizer@42530531, org.springframework.boot.test.json.DuplicateJsonObjectContextCustomizerFactory$DuplicateJsonObjectContextCustomizer@6bc407fd, org.springframework.boot.test.mock.mockito.MockitoContextCustomizer@0, org.springframework.boot.test.web.client.TestRestTemplateContextCustomizer@4ff8d125, org.springframework.boot.test.context.SpringBootTestArgs@1, org.springframework.boot.test.context.SpringBootTestWebEnvironment@65d09a04], resourceBasePath = 'src/main/webapp', contextLoader = 'org.springframework.boot.test.context.SpringBootContextLoader', parent = [null]], attributes = map['org.springframework.test.context.web.ServletTestExecutionListener.activateListener' -> true]], class annotated with @DirtiesContext [false] with mode [null].

  .   ____          _            __ _ _
 /\\ / ___'_ __ _ _(_)_ __  __ _ \ \ \ \
( ( )\___ | '_ | '_| | '_ \/ _` | \ \ \ \
 \\/  ___)| |_)| | | | | || (_| |  ) ) ) )
  '  |____| .__|_| |_|_| |_\__, | / / / /
 =========|_|==============|___/=/_/_/_/
 :: Spring Boot ::                (v2.7.1)

2022-07-16 08:17:37.291  INFO 76043 --- [    Test worker] p.FastCampusProjectBoardApplicationTests : Starting FastCampusProjectBoardApplicationTests using Java 17.0.3 on celee.local with PID 76043 (started by celee in /Users/celee/Desktop/fastcampus/10.fastcampus-example/fastcampus-project-board)
2022-07-16 08:17:37.292  INFO 76043 --- [    Test worker] p.FastCampusProjectBoardApplicationTests : No active profile set, falling back to 1 default profile: "default"
2022-07-16 08:17:38.009  INFO 76043 --- [    Test worker] o.s.b.a.e.web.EndpointLinksResolver      : Exposing 1 endpoint(s) beneath base path '/actuator'
2022-07-16 08:17:38.029  INFO 76043 --- [    Test worker] p.FastCampusProjectBoardApplicationTests : Started FastCampusProjectBoardApplicationTests in 1.041 seconds (JVM running for 1.459)
]]></system-out>
  <system-err><![CDATA[]]></system-err>
</testsuite>
